Using pre-set license
Built from '2020.3/staging' branch; Version is '2020.3.11f1 (99c7afb366b3) revision 10078127'; Using compiler version '192528614'; Build Type 'Release'
OS: 'Windows 10 Enterprise; OS build 18362.1256; Version 1903; 64bit' Language: 'en' Physical Memory: 16221 MB
BatchMode: 1, IsHumanControllingUs: 0, StartBugReporterOnCrash: 0, Is64bit: 1, IsPro: 0

 COMMAND LINE ARGUMENTS:
C:\Program Files\Unity\Hub\Editor\2020.3.11f1\Editor\Unity.exe
-adb2
-batchMode
-noUpm
-name
AssetImportWorker0
-projectPath
C:/Users/adowd1/Desktop/Rollaball/Rollaball
-logFile
Logs/AssetImportWorker0.log
-srvPort
65066
Successfully changed project path to: C:/Users/adowd1/Desktop/Rollaball/Rollaball
C:/Users/adowd1/Desktop/Rollaball/Rollaball
Using Asset Import Pipeline V2.
Refreshing native plugins compatible for Editor in 560.46 ms, found 2 plugins.
Preloading 0 native plugins for Editor in 0.00 ms.
Initialize engine version: 2020.3.11f1 (99c7afb366b3)
[Subsystems] Discovering subsystems at path C:/Program Files/Unity/Hub/Editor/2020.3.11f1/Editor/Data/Resources/UnitySubsystems
[Subsystems] Discovering subsystems at path C:/Users/adowd1/Desktop/Rollaball/Rollaball/Assets
GfxDevice: creating device client; threaded=0
Direct3D:
    Version:  Direct3D 11.0 [level 11.1]
    Renderer: Intel(R) UHD Graphics (ID=0x9b41)
    Vendor:   
    VRAM:     8110 MB
    Driver:   26.20.100.7463
Initialize mono
Mono path[0] = 'C:/Program Files/Unity/Hub/Editor/2020.3.11f1/Editor/Data/Managed'
Mono path[1] = 'C:/Program Files/Unity/Hub/Editor/2020.3.11f1/Editor/Data/MonoBleedingEdge/lib/mono/unityjit'
Mono config path = 'C:/Program Files/Unity/Hub/Editor/2020.3.11f1/Editor/Data/MonoBleedingEdge/etc'
Using monoOptions --debugger-agent=transport=dt_socket,embedding=1,server=y,suspend=n,address=127.0.0.1:56668
Begin MonoManager ReloadAssembly
Registering precompiled unity dll's ...
Register platform support module: C:/Program Files/Unity/Hub/Editor/2020.3.11f1/Editor/Data/PlaybackEngines/WebGLSupport/UnityEditor.WebGL.Extensions.dll
Register platform support module: C:/Program Files/Unity/Hub/Editor/2020.3.11f1/Editor/Data/PlaybackEngines/WindowsStandaloneSupport/UnityEditor.WindowsStandalone.Extensions.dll
Registered in 0.011340 seconds.
Native extension for WindowsStandalone target not found
Native extension for WebGL target not found
Refreshing native plugins compatible for Editor in 327.55 ms, found 2 plugins.
Preloading 0 native plugins for Editor in 0.00 ms.
Mono: successfully reloaded assembly
- Completed reload, in  5.897 seconds
Platform modules already initialized, skipping
Registering precompiled user dll's ...
Registered in 0.029836 seconds.
Begin MonoManager ReloadAssembly
Native extension for WindowsStandalone target not found
Native extension for WebGL target not found
Refreshing native plugins compatible for Editor in 103.62 ms, found 2 plugins.
Preloading 0 native plugins for Editor in 0.00 ms.
Mono: successfully reloaded assembly
- Completed reload, in  2.241 seconds
Platform modules already initialized, skipping
========================================================================
Worker process is ready to serve import requests
Shader 'Universal Render Pipeline/Particles/Lit': fallback shader 'Universal Render Pipeline/Particles/SimpleLit' not found
Shader 'Universal Render Pipeline/Particles/Lit': fallback shader 'Universal Render Pipeline/Particles/SimpleLit' not found
Launched and connected shader compiler UnityShaderCompiler.exe after 0.10 seconds
Refreshing native plugins compatible for Editor in 0.90 ms, found 2 plugins.
Preloading 0 native plugins for Editor in 0.00 ms.
Unloading 2988 Unused Serialized files (Serialized files now loaded: 0)
System memory in use before: 132.3 MB.
System memory in use after: 129.5 MB.

Unloading 56 unused Assets to reduce memory usage. Loaded Objects now: 3389.
Total: 6.758100 ms (FindLiveObjects: 0.466300 ms CreateObjectMapping: 0.281700 ms MarkObjects: 3.622500 ms  DeleteObjects: 2.386300 ms)

========================================================================
Received Import Request.
  path: Assets/Template/Readme.asset
  artifactKey: Guid(83c2ed844a8c74b779a4c823d16594b1) Importer(815301076,1909f56bfc062723c751e8b465ee728b)
Start importing Assets/Template/Readme.asset using Guid(83c2ed844a8c74b779a4c823d16594b1) Importer(815301076,1909f56bfc062723c751e8b465ee728b)  -> (artifact id: '929a991dfe856b8e7f7b83272de47bd8') in 0.065904 seconds
  Import took 0.073899 seconds .

========================================================================
Received Import Request.
  Time since last request: 1030.552556 seconds.
  path: Assets/Scripts
  artifactKey: Guid(6c096334d67956641bc6d94966411053) Importer(815301076,1909f56bfc062723c751e8b465ee728b)
Start importing Assets/Scripts using Guid(6c096334d67956641bc6d94966411053) Importer(815301076,1909f56bfc062723c751e8b465ee728b)  -> (artifact id: 'a0d527f49c61d9ea879c4426a3b76723') in 0.022172 seconds
  Import took 0.036633 seconds .

========================================================================
Received Prepare
Registering precompiled user dll's ...
Registered in 0.007692 seconds.
Begin MonoManager ReloadAssembly
Native extension for WindowsStandalone target not found
Native extension for WebGL target not found
Refreshing native plugins compatible for Editor in 0.93 ms, found 2 plugins.
Preloading 0 native plugins for Editor in 0.00 ms.
Mono: successfully reloaded assembly
- Completed reload, in  2.104 seconds
Platform modules already initialized, skipping
Shader 'Universal Render Pipeline/Particles/Lit': fallback shader 'Universal Render Pipeline/Particles/SimpleLit' not found
Shader 'Universal Render Pipeline/Particles/Lit': fallback shader 'Universal Render Pipeline/Particles/SimpleLit' not found
Refreshing native plugins compatible for Editor in 0.89 ms, found 2 plugins.
Preloading 0 native plugins for Editor in 0.00 ms.
Unloading 2914 Unused Serialized files (Serialized files now loaded: 0)
System memory in use before: 128.8 MB.
System memory in use after: 126.1 MB.

Unloading 49 unused Assets to reduce memory usage. Loaded Objects now: 3393.
Total: 7.282300 ms (FindLiveObjects: 0.459200 ms CreateObjectMapping: 0.272000 ms MarkObjects: 3.750300 ms  DeleteObjects: 2.799000 ms)

========================================================================
Received Import Request.
  Time since last request: 89.440319 seconds.
  path: Assets/Scripts/NewBehaviourScript.cs
  artifactKey: Guid(ac02e045a535086429f59d0d3113c408) Importer(815301076,1909f56bfc062723c751e8b465ee728b)
Start importing Assets/Scripts/NewBehaviourScript.cs using Guid(ac02e045a535086429f59d0d3113c408) Importer(815301076,1909f56bfc062723c751e8b465ee728b)  -> (artifact id: '172ce3bd555dea45ec45e454ad881ce0') in 0.162509 seconds
  Import took 0.171817 seconds .

========================================================================
Received Import Request.
  Time since last request: 8.574055 seconds.
  path: Assets/Scripts/PlayerController.cs
  artifactKey: Guid(ac02e045a535086429f59d0d3113c408) Importer(815301076,1909f56bfc062723c751e8b465ee728b)
Start importing Assets/Scripts/PlayerController.cs using Guid(ac02e045a535086429f59d0d3113c408) Importer(815301076,1909f56bfc062723c751e8b465ee728b)  -> (artifact id: 'ccad6ecc0138f010134a5344c1500e9d') in 0.025672 seconds
  Import took 0.038993 seconds .

========================================================================
Received Prepare
Registering precompiled user dll's ...
Registered in 0.006803 seconds.
Begin MonoManager ReloadAssembly
Native extension for WindowsStandalone target not found
Native extension for WebGL target not found
Refreshing native plugins compatible for Editor in 1.00 ms, found 2 plugins.
Preloading 0 native plugins for Editor in 0.00 ms.
Mono: successfully reloaded assembly
- Completed reload, in  2.268 seconds
Platform modules already initialized, skipping
Shader 'Universal Render Pipeline/Particles/Lit': fallback shader 'Universal Render Pipeline/Particles/SimpleLit' not found
Shader 'Universal Render Pipeline/Particles/Lit': fallback shader 'Universal Render Pipeline/Particles/SimpleLit' not found
Refreshing native plugins compatible for Editor in 0.88 ms, found 2 plugins.
Preloading 0 native plugins for Editor in 0.00 ms.
Unloading 2914 Unused Serialized files (Serialized files now loaded: 0)
System memory in use before: 128.8 MB.
System memory in use after: 126.1 MB.

Unloading 49 unused Assets to reduce memory usage. Loaded Objects now: 3396.
Total: 7.705400 ms (FindLiveObjects: 0.452700 ms CreateObjectMapping: 0.249400 ms MarkObjects: 4.463700 ms  DeleteObjects: 2.537200 ms)

========================================================================
Received Prepare
Registering precompiled user dll's ...
Registered in 0.290281 seconds.
Begin MonoManager ReloadAssembly
Native extension for WindowsStandalone target not found
Native extension for WebGL target not found
Refreshing native plugins compatible for Editor in 0.88 ms, found 2 plugins.
Preloading 0 native plugins for Editor in 0.00 ms.
Mono: successfully reloaded assembly
- Completed reload, in  2.301 seconds
Platform modules already initialized, skipping
Shader 'Universal Render Pipeline/Particles/Lit': fallback shader 'Universal Render Pipeline/Particles/SimpleLit' not found
Shader 'Universal Render Pipeline/Particles/Lit': fallback shader 'Universal Render Pipeline/Particles/SimpleLit' not found
Refreshing native plugins compatible for Editor in 0.93 ms, found 2 plugins.
Preloading 0 native plugins for Editor in 0.00 ms.
Unloading 2914 Unused Serialized files (Serialized files now loaded: 0)
System memory in use before: 128.9 MB.
System memory in use after: 126.2 MB.

Unloading 49 unused Assets to reduce memory usage. Loaded Objects now: 3399.
Total: 6.993600 ms (FindLiveObjects: 0.493000 ms CreateObjectMapping: 0.271400 ms MarkObjects: 3.680200 ms  DeleteObjects: 2.547100 ms)

========================================================================
Received Import Request.
  Time since last request: 82693.836394 seconds.
  path: Assets/Scripts/PlayerController.cs
  artifactKey: Guid(ac02e045a535086429f59d0d3113c408) Importer(815301076,1909f56bfc062723c751e8b465ee728b)
Start importing Assets/Scripts/PlayerController.cs using Guid(ac02e045a535086429f59d0d3113c408) Importer(815301076,1909f56bfc062723c751e8b465ee728b)  -> (artifact id: '00000000000000000000000000000000') in 0.002073 seconds
  ERROR: Build asset version error: assets/scripts/playercontroller.cs in SourceAssetDB has modification time of '2021-06-15T15:59:55.4287733Z' while content on disk has modification time of '2021-06-15T16:01:40.5393892Z'
  Import took 0.009297 seconds .

========================================================================
Received Prepare
Registering precompiled user dll's ...
Registered in 0.006918 seconds.
Begin MonoManager ReloadAssembly
Native extension for WindowsStandalone target not found
Native extension for WebGL target not found
Refreshing native plugins compatible for Editor in 0.90 ms, found 2 plugins.
Preloading 0 native plugins for Editor in 0.00 ms.
Mono: successfully reloaded assembly
- Completed reload, in  2.067 seconds
Platform modules already initialized, skipping
Shader 'Universal Render Pipeline/Particles/Lit': fallback shader 'Universal Render Pipeline/Particles/SimpleLit' not found
Shader 'Universal Render Pipeline/Particles/Lit': fallback shader 'Universal Render Pipeline/Particles/SimpleLit' not found
Refreshing native plugins compatible for Editor in 0.90 ms, found 2 plugins.
Preloading 0 native plugins for Editor in 0.00 ms.
Unloading 2914 Unused Serialized files (Serialized files now loaded: 0)
System memory in use before: 128.9 MB.
System memory in use after: 126.2 MB.

Unloading 49 unused Assets to reduce memory usage. Loaded Objects now: 3402.
Total: 7.036800 ms (FindLiveObjects: 0.478400 ms CreateObjectMapping: 0.296200 ms MarkObjects: 3.660200 ms  DeleteObjects: 2.600300 ms)

========================================================================
Received Import Request.
  Time since last request: 1929.950614 seconds.
  path: Assets/Input
  artifactKey: Guid(89dbd9a6e7677c3428cc96ac9aae1ad2) Importer(815301076,1909f56bfc062723c751e8b465ee728b)
Start importing Assets/Input using Guid(89dbd9a6e7677c3428cc96ac9aae1ad2) Importer(815301076,1909f56bfc062723c751e8b465ee728b)  -> (artifact id: '0f75b33cf5f1bb75a8a5ae4df7d75979') in 0.085621 seconds
  Import took 0.096521 seconds .

========================================================================
Received Import Request.
  Time since last request: 0.014097 seconds.
  path: Assets/Input/InputActions.inputactions
  artifactKey: Guid(8622848c2d64d1b4c8c8eb012a148832) Importer(815301076,1909f56bfc062723c751e8b465ee728b)
Start importing Assets/Input/InputActions.inputactions using Guid(8622848c2d64d1b4c8c8eb012a148832) Importer(815301076,1909f56bfc062723c751e8b465ee728b)  -> (artifact id: '5da08869d54273299db79103c00b3b66') in 0.053750 seconds
  Import took 0.064464 seconds .

========================================================================
Received Prepare
Registering precompiled user dll's ...
Registered in 0.007887 seconds.
Begin MonoManager ReloadAssembly
Native extension for WindowsStandalone target not found
Native extension for WebGL target not found
Refreshing native plugins compatible for Editor in 0.91 ms, found 2 plugins.
Preloading 0 native plugins for Editor in 0.00 ms.
Mono: successfully reloaded assembly
- Completed reload, in  2.056 seconds
Platform modules already initialized, skipping
Shader 'Universal Render Pipeline/Particles/Lit': fallback shader 'Universal Render Pipeline/Particles/SimpleLit' not found
Shader 'Universal Render Pipeline/Particles/Lit': fallback shader 'Universal Render Pipeline/Particles/SimpleLit' not found
Refreshing native plugins compatible for Editor in 0.89 ms, found 2 plugins.
Preloading 0 native plugins for Editor in 0.00 ms.
Unloading 2914 Unused Serialized files (Serialized files now loaded: 0)
System memory in use before: 129.0 MB.
System memory in use after: 126.2 MB.

Unloading 49 unused Assets to reduce memory usage. Loaded Objects now: 3405.
Total: 7.184000 ms (FindLiveObjects: 0.588700 ms CreateObjectMapping: 0.286700 ms MarkObjects: 3.658800 ms  DeleteObjects: 2.647700 ms)

========================================================================
Received Prepare
Registering precompiled user dll's ...
Registered in 1.109972 seconds.
Begin MonoManager ReloadAssembly
Native extension for WindowsStandalone target not found
Native extension for WebGL target not found
Refreshing native plugins compatible for Editor in 1.08 ms, found 2 plugins.
Preloading 0 native plugins for Editor in 0.00 ms.
Mono: successfully reloaded assembly
- Completed reload, in 12.532 seconds
Platform modules already initialized, skipping
Shader 'Universal Render Pipeline/Particles/Lit': fallback shader 'Universal Render Pipeline/Particles/SimpleLit' not found
Shader 'Universal Render Pipeline/Particles/Lit': fallback shader 'Universal Render Pipeline/Particles/SimpleLit' not found
Refreshing native plugins compatible for Editor in 0.89 ms, found 2 plugins.
Preloading 0 native plugins for Editor in 0.00 ms.
Unloading 2914 Unused Serialized files (Serialized files now loaded: 0)
System memory in use before: 129.0 MB.
System memory in use after: 126.2 MB.

Unloading 49 unused Assets to reduce memory usage. Loaded Objects now: 3408.
Total: 7.103600 ms (FindLiveObjects: 0.466600 ms CreateObjectMapping: 0.253000 ms MarkObjects: 3.761800 ms  DeleteObjects: 2.620600 ms)

========================================================================
Received Prepare
Registering precompiled user dll's ...
Registered in 0.007786 seconds.
Begin MonoManager ReloadAssembly
Native extension for WindowsStandalone target not found
Native extension for WebGL target not found
Refreshing native plugins compatible for Editor in 0.90 ms, found 2 plugins.
Preloading 0 native plugins for Editor in 0.00 ms.
Mono: successfully reloaded assembly
- Completed reload, in  2.009 seconds
Platform modules already initialized, skipping
Shader 'Universal Render Pipeline/Particles/Lit': fallback shader 'Universal Render Pipeline/Particles/SimpleLit' not found
Shader 'Universal Render Pipeline/Particles/Lit': fallback shader 'Universal Render Pipeline/Particles/SimpleLit' not found
Refreshing native plugins compatible for Editor in 0.89 ms, found 2 plugins.
Preloading 0 native plugins for Editor in 0.00 ms.
Unloading 2914 Unused Serialized files (Serialized files now loaded: 0)
System memory in use before: 129.0 MB.
System memory in use after: 126.2 MB.

Unloading 49 unused Assets to reduce memory usage. Loaded Objects now: 3411.
Total: 7.194500 ms (FindLiveObjects: 0.477100 ms CreateObjectMapping: 0.313000 ms MarkObjects: 3.796300 ms  DeleteObjects: 2.606100 ms)

========================================================================
Received Import Request.
  Time since last request: 2430.408169 seconds.
  path: Assets/Scripts/CameraController.cs
  artifactKey: Guid(5afa15089c9f133418013760fddf6b8f) Importer(815301076,1909f56bfc062723c751e8b465ee728b)
Start importing Assets/Scripts/CameraController.cs using Guid(5afa15089c9f133418013760fddf6b8f) Importer(815301076,1909f56bfc062723c751e8b465ee728b)  -> (artifact id: '1b3bfc9ede21165be6b125a06fcf11a0') in 0.039511 seconds
  Import took 0.049942 seconds .

========================================================================
Received Prepare
Registering precompiled user dll's ...
Registered in 0.266081 seconds.
Begin MonoManager ReloadAssembly
Native extension for WindowsStandalone target not found
Native extension for WebGL target not found
Refreshing native plugins compatible for Editor in 0.90 ms, found 2 plugins.
Preloading 0 native plugins for Editor in 0.00 ms.
Mono: successfully reloaded assembly
- Completed reload, in  2.297 seconds
Platform modules already initialized, skipping
Shader 'Universal Render Pipeline/Particles/Lit': fallback shader 'Universal Render Pipeline/Particles/SimpleLit' not found
Shader 'Universal Render Pipeline/Particles/Lit': fallback shader 'Universal Render Pipeline/Particles/SimpleLit' not found
Refreshing native plugins compatible for Editor in 1.01 ms, found 2 plugins.
Preloading 0 native plugins for Editor in 0.00 ms.
Unloading 2915 Unused Serialized files (Serialized files now loaded: 0)
System memory in use before: 129.0 MB.
System memory in use after: 126.3 MB.

Unloading 49 unused Assets to reduce memory usage. Loaded Objects now: 3415.
Total: 7.999400 ms (FindLiveObjects: 0.486200 ms CreateObjectMapping: 0.351800 ms MarkObjects: 4.519100 ms  DeleteObjects: 2.640500 ms)

========================================================================
Received Import Request.
  Time since last request: 1296.223991 seconds.
  path: Assets/Scripts/CameraController.cs
  artifactKey: Guid(5afa15089c9f133418013760fddf6b8f) Importer(815301076,1909f56bfc062723c751e8b465ee728b)
Start importing Assets/Scripts/CameraController.cs using Guid(5afa15089c9f133418013760fddf6b8f) Importer(815301076,1909f56bfc062723c751e8b465ee728b)  -> (artifact id: 'ab6e0d52232162814256294cb9c830a1') in 0.028577 seconds
  Import took 0.043598 seconds .

========================================================================
Received Prepare
Registering precompiled user dll's ...
Registered in 0.270368 seconds.
Begin MonoManager ReloadAssembly
Native extension for WindowsStandalone target not found
Native extension for WebGL target not found
Refreshing native plugins compatible for Editor in 0.90 ms, found 2 plugins.
Preloading 0 native plugins for Editor in 0.00 ms.
Mono: successfully reloaded assembly
- Completed reload, in  2.265 seconds
Platform modules already initialized, skipping
Shader 'Universal Render Pipeline/Particles/Lit': fallback shader 'Universal Render Pipeline/Particles/SimpleLit' not found
Shader 'Universal Render Pipeline/Particles/Lit': fallback shader 'Universal Render Pipeline/Particles/SimpleLit' not found
Refreshing native plugins compatible for Editor in 0.89 ms, found 2 plugins.
Preloading 0 native plugins for Editor in 0.00 ms.
Unloading 2915 Unused Serialized files (Serialized files now loaded: 0)
System memory in use before: 129.0 MB.
System memory in use after: 126.3 MB.

Unloading 49 unused Assets to reduce memory usage. Loaded Objects now: 3418.
Total: 7.130500 ms (FindLiveObjects: 0.490900 ms CreateObjectMapping: 0.269800 ms MarkObjects: 3.746900 ms  DeleteObjects: 2.620900 ms)

========================================================================
Received Prepare
Registering precompiled user dll's ...
Registered in 0.531826 seconds.
Begin MonoManager ReloadAssembly
Native extension for WindowsStandalone target not found
Native extension for WebGL target not found
Refreshing native plugins compatible for Editor in 2.14 ms, found 2 plugins.
Preloading 0 native plugins for Editor in 0.00 ms.
Mono: successfully reloaded assembly
- Completed reload, in  3.930 seconds
Platform modules already initialized, skipping
Shader 'Universal Render Pipeline/Particles/Lit': fallback shader 'Universal Render Pipeline/Particles/SimpleLit' not found
Shader 'Universal Render Pipeline/Particles/Lit': fallback shader 'Universal Render Pipeline/Particles/SimpleLit' not found
Refreshing native plugins compatible for Editor in 1.62 ms, found 2 plugins.
Preloading 0 native plugins for Editor in 0.00 ms.
Unloading 2915 Unused Serialized files (Serialized files now loaded: 0)
System memory in use before: 129.0 MB.
System memory in use after: 126.3 MB.

Unloading 49 unused Assets to reduce memory usage. Loaded Objects now: 3421.
Total: 13.792500 ms (FindLiveObjects: 0.845400 ms CreateObjectMapping: 1.129800 ms MarkObjects: 6.817100 ms  DeleteObjects: 4.997300 ms)

========================================================================
Received Import Request.
  Time since last request: 3904.968295 seconds.
  path: Assets/Materials/Player.mat
  artifactKey: Guid(d433a6cbfc321de4d84354efc16fe56c) Importer(815301076,1909f56bfc062723c751e8b465ee728b)
Start importing Assets/Materials/Player.mat using Guid(d433a6cbfc321de4d84354efc16fe56c) Importer(815301076,1909f56bfc062723c751e8b465ee728b)  -> (artifact id: '23186fc167c437580b5591415014d41a') in 0.752030 seconds
  Import took 0.772404 seconds .

========================================================================
Received Import Request.
  Time since last request: 0.083979 seconds.
  path: Assets/Materials/Player.mat
  artifactKey: Guid(d433a6cbfc321de4d84354efc16fe56c) Importer(815301076,1909f56bfc062723c751e8b465ee728b)
Start importing Assets/Materials/Player.mat using Guid(d433a6cbfc321de4d84354efc16fe56c) Importer(815301076,1909f56bfc062723c751e8b465ee728b)  -> (artifact id: '23186fc167c437580b5591415014d41a') in 0.041398 seconds
  Import took 0.057329 seconds .

========================================================================
Received Import Request.
  Time since last request: 9.415024 seconds.
  path: Assets/Materials/Walls.mat
  artifactKey: Guid(cce9f3369ecae1a4aa0ab6727331be17) Importer(815301076,1909f56bfc062723c751e8b465ee728b)
Start importing Assets/Materials/Walls.mat using Guid(cce9f3369ecae1a4aa0ab6727331be17) Importer(815301076,1909f56bfc062723c751e8b465ee728b)  -> (artifact id: '6641b42bc7b8152f4fea37feb033534a') in 0.033379 seconds
  Import took 0.043849 seconds .

========================================================================
Received Import Request.
  Time since last request: 146.872976 seconds.
  path: Assets/Materials/Walls.mat
  artifactKey: Guid(cce9f3369ecae1a4aa0ab6727331be17) Importer(815301076,1909f56bfc062723c751e8b465ee728b)
Start importing Assets/Materials/Walls.mat using Guid(cce9f3369ecae1a4aa0ab6727331be17) Importer(815301076,1909f56bfc062723c751e8b465ee728b)  -> (artifact id: 'e9439409927fc60ad71c86f37031095e') in 0.041986 seconds
  Import took 0.052729 seconds .

========================================================================
Received Prepare
Registering precompiled user dll's ...
Registered in 1.263334 seconds.
Begin MonoManager ReloadAssembly
Native extension for WindowsStandalone target not found
Native extension for WebGL target not found
Refreshing native plugins compatible for Editor in 0.91 ms, found 2 plugins.
Preloading 0 native plugins for Editor in 0.00 ms.
Mono: successfully reloaded assembly
- Completed reload, in 13.187 seconds
Platform modules already initialized, skipping
Shader 'Universal Render Pipeline/Particles/Lit': fallback shader 'Universal Render Pipeline/Particles/SimpleLit' not found
Shader 'Universal Render Pipeline/Particles/Lit': fallback shader 'Universal Render Pipeline/Particles/SimpleLit' not found
Refreshing native plugins compatible for Editor in 0.90 ms, found 2 plugins.
Preloading 0 native plugins for Editor in 0.00 ms.
Unloading 2915 Unused Serialized files (Serialized files now loaded: 0)
System memory in use before: 134.4 MB.
System memory in use after: 131.7 MB.

Unloading 49 unused Assets to reduce memory usage. Loaded Objects now: 3502.
Total: 7.913100 ms (FindLiveObjects: 0.511800 ms CreateObjectMapping: 0.303500 ms MarkObjects: 4.605700 ms  DeleteObjects: 2.490100 ms)

========================================================================
Received Import Request.
  Time since last request: 71638.790245 seconds.
  path: Assets/Materials/PickUp.mat
  artifactKey: Guid(6d714ed591dafab4399bedaf5c398940) Importer(815301076,1909f56bfc062723c751e8b465ee728b)
Start importing Assets/Materials/PickUp.mat using Guid(6d714ed591dafab4399bedaf5c398940) Importer(815301076,1909f56bfc062723c751e8b465ee728b)  -> (artifact id: '09f93d182d6d36158e1f814affaf0300') in 0.550316 seconds
  Import took 0.563225 seconds .

========================================================================
Received Import Request.
  Time since last request: 54.643641 seconds.
  path: Assets/Materials/PickUp.mat
  artifactKey: Guid(6d714ed591dafab4399bedaf5c398940) Importer(815301076,1909f56bfc062723c751e8b465ee728b)
Start importing Assets/Materials/PickUp.mat using Guid(6d714ed591dafab4399bedaf5c398940) Importer(815301076,1909f56bfc062723c751e8b465ee728b)  -> (artifact id: 'a2a7c2fa9f77d8cff2973bbb483bdec0') in 0.031935 seconds
  Import took 0.041293 seconds .

========================================================================
Received Import Request.
  Time since last request: 42.288938 seconds.
  path: Assets/Scripts/Rotator.cs
  artifactKey: Guid(eb1a2d75c50cd784dba6e3a8f718d320) Importer(815301076,1909f56bfc062723c751e8b465ee728b)
Start importing Assets/Scripts/Rotator.cs using Guid(eb1a2d75c50cd784dba6e3a8f718d320) Importer(815301076,1909f56bfc062723c751e8b465ee728b)  -> (artifact id: '94e550d612cd7e88e033f520988e0a06') in 0.016364 seconds
  Import took 0.027611 seconds .

========================================================================
Received Prepare
Registering precompiled user dll's ...
Registered in 0.178628 seconds.
Begin MonoManager ReloadAssembly
Native extension for WindowsStandalone target not found
Native extension for WebGL target not found
Refreshing native plugins compatible for Editor in 0.90 ms, found 2 plugins.
Preloading 0 native plugins for Editor in 0.00 ms.
Mono: successfully reloaded assembly
- Completed reload, in  2.314 seconds
Platform modules already initialized, skipping
Shader 'Universal Render Pipeline/Particles/Lit': fallback shader 'Universal Render Pipeline/Particles/SimpleLit' not found
Shader 'Universal Render Pipeline/Particles/Lit': fallback shader 'Universal Render Pipeline/Particles/SimpleLit' not found
Refreshing native plugins compatible for Editor in 0.90 ms, found 2 plugins.
Preloading 0 native plugins for Editor in 0.00 ms.
Unloading 2916 Unused Serialized files (Serialized files now loaded: 0)
System memory in use before: 134.7 MB.
System memory in use after: 131.9 MB.

Unloading 49 unused Assets to reduce memory usage. Loaded Objects now: 3542.
Total: 7.316100 ms (FindLiveObjects: 0.519900 ms CreateObjectMapping: 0.292100 ms MarkObjects: 3.903900 ms  DeleteObjects: 2.598300 ms)

========================================================================
Received Prepare
Registering precompiled user dll's ...
Registered in 0.287196 seconds.
Begin MonoManager ReloadAssembly
Native extension for WindowsStandalone target not found
Native extension for WebGL target not found
Refreshing native plugins compatible for Editor in 0.87 ms, found 2 plugins.
Preloading 0 native plugins for Editor in 0.00 ms.
Mono: successfully reloaded assembly
- Completed reload, in  2.616 seconds
Platform modules already initialized, skipping
Shader 'Universal Render Pipeline/Particles/Lit': fallback shader 'Universal Render Pipeline/Particles/SimpleLit' not found
Shader 'Universal Render Pipeline/Particles/Lit': fallback shader 'Universal Render Pipeline/Particles/SimpleLit' not found
Refreshing native plugins compatible for Editor in 0.90 ms, found 2 plugins.
Preloading 0 native plugins for Editor in 0.00 ms.
Unloading 2916 Unused Serialized files (Serialized files now loaded: 0)
System memory in use before: 134.6 MB.
System memory in use after: 131.9 MB.

Unloading 49 unused Assets to reduce memory usage. Loaded Objects now: 3545.
Total: 7.250500 ms (FindLiveObjects: 0.510800 ms CreateObjectMapping: 0.279400 ms MarkObjects: 3.864900 ms  DeleteObjects: 2.593400 ms)

========================================================================
Received Prepare
Registering precompiled user dll's ...
Registered in 0.007845 seconds.
Begin MonoManager ReloadAssembly
Native extension for WindowsStandalone target not found
Native extension for WebGL target not found
Refreshing native plugins compatible for Editor in 0.95 ms, found 2 plugins.
Preloading 0 native plugins for Editor in 0.00 ms.
Mono: successfully reloaded assembly
- Completed reload, in  2.176 seconds
Platform modules already initialized, skipping
Shader 'Universal Render Pipeline/Particles/Lit': fallback shader 'Universal Render Pipeline/Particles/SimpleLit' not found
Shader 'Universal Render Pipeline/Particles/Lit': fallback shader 'Universal Render Pipeline/Particles/SimpleLit' not found
Refreshing native plugins compatible for Editor in 0.89 ms, found 2 plugins.
Preloading 0 native plugins for Editor in 0.00 ms.
Unloading 2916 Unused Serialized files (Serialized files now loaded: 0)
System memory in use before: 134.7 MB.
System memory in use after: 131.9 MB.

Unloading 49 unused Assets to reduce memory usage. Loaded Objects now: 3548.
Total: 7.633500 ms (FindLiveObjects: 0.513400 ms CreateObjectMapping: 0.274900 ms MarkObjects: 4.042100 ms  DeleteObjects: 2.801500 ms)

========================================================================
Received Import Request.
  Time since last request: 292.575478 seconds.
  path: Assets/Scripts/Rotator.cs
  artifactKey: Guid(eb1a2d75c50cd784dba6e3a8f718d320) Importer(815301076,1909f56bfc062723c751e8b465ee728b)
Start importing Assets/Scripts/Rotator.cs using Guid(eb1a2d75c50cd784dba6e3a8f718d320) Importer(815301076,1909f56bfc062723c751e8b465ee728b)  -> (artifact id: '9ff139d2ecbd3d797a58fa7d62cfc762') in 0.018088 seconds
  Import took 0.034168 seconds .

========================================================================
Received Import Request.
  Time since last request: 74.469242 seconds.
  path: Assets/Prefabs
  artifactKey: Guid(6e8a3ef8fc2bb53499d43354e3b97f04) Importer(815301076,1909f56bfc062723c751e8b465ee728b)
Start importing Assets/Prefabs using Guid(6e8a3ef8fc2bb53499d43354e3b97f04) Importer(815301076,1909f56bfc062723c751e8b465ee728b)  -> (artifact id: '6b831dc591a67f281b27273c287a23c4') in 0.017067 seconds
  Import took 0.029090 seconds .

========================================================================
Received Import Request.
  Time since last request: 6.714679 seconds.
  path: Assets/Prefabs/PickUp.prefab
  artifactKey: Guid(dfe8e9253ac01fb49b6a04744a48c35d) Importer(815301076,1909f56bfc062723c751e8b465ee728b)
Start importing Assets/Prefabs/PickUp.prefab using Guid(dfe8e9253ac01fb49b6a04744a48c35d) Importer(815301076,1909f56bfc062723c751e8b465ee728b)  -> (artifact id: '44c0c3a5b2435264c805dbf50e95b6a8') in 0.341607 seconds
  Import took 0.350793 seconds .

========================================================================
Received Import Request.
  Time since last request: 661.278218 seconds.
  path: Assets/Scripts/PlayerController.cs
  artifactKey: Guid(ac02e045a535086429f59d0d3113c408) Importer(815301076,1909f56bfc062723c751e8b465ee728b)
Start importing Assets/Scripts/PlayerController.cs using Guid(ac02e045a535086429f59d0d3113c408) Importer(815301076,1909f56bfc062723c751e8b465ee728b)  -> (artifact id: '6e9826b64bce46a89e4d66916498eefc') in 0.021675 seconds
  Import took 0.032365 seconds .

========================================================================
Received Import Request.
  Time since last request: 281.594420 seconds.
  path: Assets/Scripts/PlayerController.cs
  artifactKey: Guid(ac02e045a535086429f59d0d3113c408) Importer(815301076,1909f56bfc062723c751e8b465ee728b)
Start importing Assets/Scripts/PlayerController.cs using Guid(ac02e045a535086429f59d0d3113c408) Importer(815301076,1909f56bfc062723c751e8b465ee728b)  -> (artifact id: '7f273c957fa654d11def4f5025930e3f') in 0.008021 seconds
  Import took 0.020138 seconds .

========================================================================
Received Import Request.
  Time since last request: 44.372124 seconds.
  path: ProjectSettings/TagManager.asset
  artifactKey: Guid(00000000000000003000000000000000) Importer(815301076,1909f56bfc062723c751e8b465ee728b)
Start importing ProjectSettings/TagManager.asset using Guid(00000000000000003000000000000000) Importer(815301076,1909f56bfc062723c751e8b465ee728b)  -> (artifact id: 'fc42e30003074059bef8fb59cba1b257') in 0.021084 seconds
  Import took 0.030715 seconds .

========================================================================
Received Import Request.
  Time since last request: 30.854415 seconds.
  path: Assets/Prefabs/PickUp.prefab
  artifactKey: Guid(dfe8e9253ac01fb49b6a04744a48c35d) Importer(815301076,1909f56bfc062723c751e8b465ee728b)
Start importing Assets/Prefabs/PickUp.prefab using Guid(dfe8e9253ac01fb49b6a04744a48c35d) Importer(815301076,1909f56bfc062723c751e8b465ee728b)  -> (artifact id: 'f788d7ddbd1968ac78ae3685ed78bf62') in 0.026996 seconds
  Import took 0.037243 seconds .

========================================================================
Received Prepare
Registering precompiled user dll's ...
Registered in 0.008022 seconds.
Begin MonoManager ReloadAssembly
Native extension for WindowsStandalone target not found
Native extension for WebGL target not found
Refreshing native plugins compatible for Editor in 0.92 ms, found 2 plugins.
Preloading 0 native plugins for Editor in 0.00 ms.
Mono: successfully reloaded assembly
- Completed reload, in  2.079 seconds
Platform modules already initialized, skipping
Shader 'Universal Render Pipeline/Particles/Lit': fallback shader 'Universal Render Pipeline/Particles/SimpleLit' not found
Shader 'Universal Render Pipeline/Particles/Lit': fallback shader 'Universal Render Pipeline/Particles/SimpleLit' not found
Refreshing native plugins compatible for Editor in 0.89 ms, found 2 plugins.
Preloading 0 native plugins for Editor in 0.00 ms.
Unloading 2916 Unused Serialized files (Serialized files now loaded: 0)
System memory in use before: 134.8 MB.
System memory in use after: 132.0 MB.

Unloading 50 unused Assets to reduce memory usage. Loaded Objects now: 3588.
Total: 7.355600 ms (FindLiveObjects: 0.537200 ms CreateObjectMapping: 0.275200 ms MarkObjects: 3.882300 ms  DeleteObjects: 2.659100 ms)

========================================================================
Received Prepare
Registering precompiled user dll's ...
Registered in 0.008044 seconds.
Begin MonoManager ReloadAssembly
Native extension for WindowsStandalone target not found
Native extension for WebGL target not found
Refreshing native plugins compatible for Editor in 0.96 ms, found 2 plugins.
Preloading 0 native plugins for Editor in 0.00 ms.
Mono: successfully reloaded assembly
- Completed reload, in  2.140 seconds
Platform modules already initialized, skipping
Shader 'Universal Render Pipeline/Particles/Lit': fallback shader 'Universal Render Pipeline/Particles/SimpleLit' not found
Shader 'Universal Render Pipeline/Particles/Lit': fallback shader 'Universal Render Pipeline/Particles/SimpleLit' not found
Refreshing native plugins compatible for Editor in 1.02 ms, found 2 plugins.
Preloading 0 native plugins for Editor in 0.00 ms.
Unloading 2916 Unused Serialized files (Serialized files now loaded: 0)
System memory in use before: 134.8 MB.
System memory in use after: 132.0 MB.

Unloading 49 unused Assets to reduce memory usage. Loaded Objects now: 3591.
Total: 7.343700 ms (FindLiveObjects: 0.528700 ms CreateObjectMapping: 0.260600 ms MarkObjects: 3.877000 ms  DeleteObjects: 2.673300 ms)

========================================================================
Received Import Request.
  Time since last request: 694.531333 seconds.
  path: Assets/Prefabs/PickUp.prefab
  artifactKey: Guid(dfe8e9253ac01fb49b6a04744a48c35d) Importer(815301076,1909f56bfc062723c751e8b465ee728b)
Start importing Assets/Prefabs/PickUp.prefab using Guid(dfe8e9253ac01fb49b6a04744a48c35d) Importer(815301076,1909f56bfc062723c751e8b465ee728b)  -> (artifact id: '5cc372f0472d7e9df931503e149ecdd2') in 0.297652 seconds
  Import took 0.306052 seconds .

========================================================================
Received Prepare
Registering precompiled user dll's ...
Registered in 0.008100 seconds.
Begin MonoManager ReloadAssembly
Native extension for WindowsStandalone target not found
Native extension for WebGL target not found
Refreshing native plugins compatible for Editor in 0.92 ms, found 2 plugins.
Preloading 0 native plugins for Editor in 0.00 ms.
Mono: successfully reloaded assembly
- Completed reload, in  2.106 seconds
Platform modules already initialized, skipping
Shader 'Universal Render Pipeline/Particles/Lit': fallback shader 'Universal Render Pipeline/Particles/SimpleLit' not found
Shader 'Universal Render Pipeline/Particles/Lit': fallback shader 'Universal Render Pipeline/Particles/SimpleLit' not found
Refreshing native plugins compatible for Editor in 0.93 ms, found 2 plugins.
Preloading 0 native plugins for Editor in 0.00 ms.
Unloading 2916 Unused Serialized files (Serialized files now loaded: 0)
System memory in use before: 134.9 MB.
System memory in use after: 132.2 MB.

Unloading 49 unused Assets to reduce memory usage. Loaded Objects now: 3630.
Total: 7.532300 ms (FindLiveObjects: 0.593400 ms CreateObjectMapping: 0.362800 ms MarkObjects: 3.926700 ms  DeleteObjects: 2.647900 ms)

========================================================================
Received Import Request.
  Time since last request: 670.697730 seconds.
  path: Assets/Prefabs/PickUp.prefab
  artifactKey: Guid(dfe8e9253ac01fb49b6a04744a48c35d) Importer(815301076,1909f56bfc062723c751e8b465ee728b)
Start importing Assets/Prefabs/PickUp.prefab using Guid(dfe8e9253ac01fb49b6a04744a48c35d) Importer(815301076,1909f56bfc062723c751e8b465ee728b)  -> (artifact id: '0a129312aa231aa318e335738bad46ce') in 0.326604 seconds
  Import took 0.337118 seconds .

========================================================================
Received Import Request.
  Time since last request: 3.713325 seconds.
  path: Assets/Prefabs/PickUp.prefab
  artifactKey: Guid(dfe8e9253ac01fb49b6a04744a48c35d) Importer(815301076,1909f56bfc062723c751e8b465ee728b)
Start importing Assets/Prefabs/PickUp.prefab using Guid(dfe8e9253ac01fb49b6a04744a48c35d) Importer(815301076,1909f56bfc062723c751e8b465ee728b)  -> (artifact id: '6964c93b70a9af4ed45a50cc646907b2') in 0.019352 seconds
  Import took 0.029329 seconds .

========================================================================
Received Import Request.
  Time since last request: 0.024123 seconds.
  path: Assets/Prefabs/PickUp.prefab
  artifactKey: Guid(dfe8e9253ac01fb49b6a04744a48c35d) Importer(815301076,1909f56bfc062723c751e8b465ee728b)
Start importing Assets/Prefabs/PickUp.prefab using Guid(dfe8e9253ac01fb49b6a04744a48c35d) Importer(815301076,1909f56bfc062723c751e8b465ee728b)  -> (artifact id: '6964c93b70a9af4ed45a50cc646907b2') in 0.020761 seconds
  Import took 0.031331 seconds .

========================================================================
Received Prepare
Registering precompiled user dll's ...
Registered in 0.320165 seconds.
Begin MonoManager ReloadAssembly
Native extension for WindowsStandalone target not found
Native extension for WebGL target not found
Refreshing native plugins compatible for Editor in 0.92 ms, found 2 plugins.
Preloading 0 native plugins for Editor in 0.00 ms.
Mono: successfully reloaded assembly
- Completed reload, in  2.312 seconds
Platform modules already initialized, skipping
Shader 'Universal Render Pipeline/Particles/Lit': fallback shader 'Universal Render Pipeline/Particles/SimpleLit' not found
Shader 'Universal Render Pipeline/Particles/Lit': fallback shader 'Universal Render Pipeline/Particles/SimpleLit' not found
Refreshing native plugins compatible for Editor in 0.88 ms, found 2 plugins.
Preloading 0 native plugins for Editor in 0.00 ms.
Unloading 2916 Unused Serialized files (Serialized files now loaded: 0)
System memory in use before: 135.0 MB.
System memory in use after: 132.3 MB.

Unloading 49 unused Assets to reduce memory usage. Loaded Objects now: 3669.
Total: 7.910900 ms (FindLiveObjects: 0.538900 ms CreateObjectMapping: 0.270700 ms MarkObjects: 4.416500 ms  DeleteObjects: 2.683000 ms)

========================================================================
Received Prepare
Registering precompiled user dll's ...
Registered in 0.284639 seconds.
Begin MonoManager ReloadAssembly
Native extension for WindowsStandalone target not found
Native extension for WebGL target not found
Refreshing native plugins compatible for Editor in 0.90 ms, found 2 plugins.
Preloading 0 native plugins for Editor in 0.00 ms.
Mono: successfully reloaded assembly
- Completed reload, in  2.566 seconds
Platform modules already initialized, skipping
Shader 'Universal Render Pipeline/Particles/Lit': fallback shader 'Universal Render Pipeline/Particles/SimpleLit' not found
Shader 'Universal Render Pipeline/Particles/Lit': fallback shader 'Universal Render Pipeline/Particles/SimpleLit' not found
Refreshing native plugins compatible for Editor in 0.90 ms, found 2 plugins.
Preloading 0 native plugins for Editor in 0.00 ms.
Unloading 2916 Unused Serialized files (Serialized files now loaded: 0)
System memory in use before: 135.0 MB.
System memory in use after: 132.3 MB.

Unloading 49 unused Assets to reduce memory usage. Loaded Objects now: 3672.
Total: 8.467300 ms (FindLiveObjects: 0.649100 ms CreateObjectMapping: 0.331400 ms MarkObjects: 4.804400 ms  DeleteObjects: 2.679400 ms)

========================================================================
Received Prepare
Registering precompiled user dll's ...
Registered in 0.276539 seconds.
Begin MonoManager ReloadAssembly
Native extension for WindowsStandalone target not found
Native extension for WebGL target not found
Refreshing native plugins compatible for Editor in 0.90 ms, found 2 plugins.
Preloading 0 native plugins for Editor in 0.00 ms.
Mono: successfully reloaded assembly
- Completed reload, in  2.569 seconds
Platform modules already initialized, skipping
Shader 'Universal Render Pipeline/Particles/Lit': fallback shader 'Universal Render Pipeline/Particles/SimpleLit' not found
Shader 'Universal Render Pipeline/Particles/Lit': fallback shader 'Universal Render Pipeline/Particles/SimpleLit' not found
Refreshing native plugins compatible for Editor in 0.94 ms, found 2 plugins.
Preloading 0 native plugins for Editor in 0.00 ms.
Unloading 2929 Unused Serialized files (Serialized files now loaded: 0)
System memory in use before: 137.1 MB.
System memory in use after: 133.7 MB.

Unloading 62 unused Assets to reduce memory usage. Loaded Objects now: 3675.
Total: 8.624700 ms (FindLiveObjects: 0.519000 ms CreateObjectMapping: 0.268600 ms MarkObjects: 4.543300 ms  DeleteObjects: 3.291700 ms)

========================================================================
Received Import Request.
  Time since last request: 12506.095445 seconds.
  path: Assets/TextMesh Pro
  artifactKey: Guid(f54d1bd14bd3ca042bd867b519fee8cc) Importer(815301076,1909f56bfc062723c751e8b465ee728b)
Start importing Assets/TextMesh Pro using Guid(f54d1bd14bd3ca042bd867b519fee8cc) Importer(815301076,1909f56bfc062723c751e8b465ee728b)  -> (artifact id: '16b4cbde9565bf190136f1148817e1ea') in 0.028240 seconds
  Import took 0.037244 seconds .

========================================================================
Received Import Request.
  Time since last request: 2.734618 seconds.
  path: Assets/TextMesh Pro/Documentation
  artifactKey: Guid(8e7e8f5a82a3a134e91c54efd2274ea9) Importer(815301076,1909f56bfc062723c751e8b465ee728b)
Start importing Assets/TextMesh Pro/Documentation using Guid(8e7e8f5a82a3a134e91c54efd2274ea9) Importer(815301076,1909f56bfc062723c751e8b465ee728b)  -> (artifact id: '7f5aa99e36510f23d626084d8be9669f') in 0.019250 seconds
  Import took 0.029296 seconds .

========================================================================
Received Prepare
Registering precompiled user dll's ...
Registered in 0.184101 seconds.
Begin MonoManager ReloadAssembly
Native extension for WindowsStandalone target not found
Native extension for WebGL target not found
Refreshing native plugins compatible for Editor in 0.91 ms, found 2 plugins.
Preloading 0 native plugins for Editor in 0.00 ms.
Mono: successfully reloaded assembly
- Completed reload, in  2.300 seconds
Platform modules already initialized, skipping
Shader 'Universal Render Pipeline/Particles/Lit': fallback shader 'Universal Render Pipeline/Particles/SimpleLit' not found
Shader 'Universal Render Pipeline/Particles/Lit': fallback shader 'Universal Render Pipeline/Particles/SimpleLit' not found
Refreshing native plugins compatible for Editor in 0.91 ms, found 2 plugins.
Preloading 0 native plugins for Editor in 0.00 ms.
Unloading 2929 Unused Serialized files (Serialized files now loaded: 0)
System memory in use before: 137.1 MB.
System memory in use after: 133.7 MB.

Unloading 62 unused Assets to reduce memory usage. Loaded Objects now: 3678.
Total: 8.423300 ms (FindLiveObjects: 0.559300 ms CreateObjectMapping: 0.278400 ms MarkObjects: 4.052500 ms  DeleteObjects: 3.531500 ms)

========================================================================
Received Prepare
Registering precompiled user dll's ...
Registered in 0.008072 seconds.
Begin MonoManager ReloadAssembly
Native extension for WindowsStandalone target not found
Native extension for WebGL target not found
Refreshing native plugins compatible for Editor in 0.92 ms, found 2 plugins.
Preloading 0 native plugins for Editor in 0.00 ms.
Mono: successfully reloaded assembly
- Completed reload, in  2.107 seconds
Platform modules already initialized, skipping
Shader 'Universal Render Pipeline/Particles/Lit': fallback shader 'Universal Render Pipeline/Particles/SimpleLit' not found
Shader 'Universal Render Pipeline/Particles/Lit': fallback shader 'Universal Render Pipeline/Particles/SimpleLit' not found
Refreshing native plugins compatible for Editor in 0.90 ms, found 2 plugins.
Preloading 0 native plugins for Editor in 0.00 ms.
Unloading 2929 Unused Serialized files (Serialized files now loaded: 0)
System memory in use before: 137.1 MB.
System memory in use after: 133.7 MB.

Unloading 62 unused Assets to reduce memory usage. Loaded Objects now: 3681.
Total: 8.030800 ms (FindLiveObjects: 0.542000 ms CreateObjectMapping: 0.291600 ms MarkObjects: 3.991200 ms  DeleteObjects: 3.204400 ms)

========================================================================
Received Prepare
Registering precompiled user dll's ...
Registered in 2.204436 seconds.
Begin MonoManager ReloadAssembly
Native extension for WindowsStandalone target not found
Native extension for WebGL target not found
Refreshing native plugins compatible for Editor in 1.22 ms, found 2 plugins.
Preloading 0 native plugins for Editor in 0.00 ms.
Mono: successfully reloaded assembly
- Completed reload, in  3.609 seconds
Platform modules already initialized, skipping
Shader 'Universal Render Pipeline/Particles/Lit': fallback shader 'Universal Render Pipeline/Particles/SimpleLit' not found
Shader 'Universal Render Pipeline/Particles/Lit': fallback shader 'Universal Render Pipeline/Particles/SimpleLit' not found
Refreshing native plugins compatible for Editor in 1.16 ms, found 2 plugins.
Preloading 0 native plugins for Editor in 0.00 ms.
Unloading 2929 Unused Serialized files (Serialized files now loaded: 0)
System memory in use before: 137.1 MB.
System memory in use after: 133.7 MB.

Unloading 62 unused Assets to reduce memory usage. Loaded Objects now: 3684.
Total: 12.796500 ms (FindLiveObjects: 0.775200 ms CreateObjectMapping: 0.743600 ms MarkObjects: 6.608000 ms  DeleteObjects: 4.667300 ms)

========================================================================
Received Prepare
Registering precompiled user dll's ...
Registered in 0.012119 seconds.
Begin MonoManager ReloadAssembly
Native extension for WindowsStandalone target not found
Native extension for WebGL target not found
Refreshing native plugins compatible for Editor in 1.84 ms, found 2 plugins.
Preloading 0 native plugins for Editor in 0.00 ms.
Mono: successfully reloaded assembly
- Completed reload, in  3.221 seconds
Platform modules already initialized, skipping
Shader 'Universal Render Pipeline/Particles/Lit': fallback shader 'Universal Render Pipeline/Particles/SimpleLit' not found
Shader 'Universal Render Pipeline/Particles/Lit': fallback shader 'Universal Render Pipeline/Particles/SimpleLit' not found
Refreshing native plugins compatible for Editor in 1.77 ms, found 2 plugins.
Preloading 0 native plugins for Editor in 0.00 ms.
Unloading 2929 Unused Serialized files (Serialized files now loaded: 0)
System memory in use before: 137.1 MB.
System memory in use after: 133.7 MB.

Unloading 62 unused Assets to reduce memory usage. Loaded Objects now: 3687.
Total: 13.718300 ms (FindLiveObjects: 0.742000 ms CreateObjectMapping: 0.832800 ms MarkObjects: 6.990600 ms  DeleteObjects: 5.148800 ms)

========================================================================
Received Import Request.
  Time since last request: 72918.454821 seconds.
  path: Assets/Scripts/CameraController.cs
  artifactKey: Guid(5afa15089c9f133418013760fddf6b8f) Importer(815301076,1909f56bfc062723c751e8b465ee728b)
Start importing Assets/Scripts/CameraController.cs using Guid(5afa15089c9f133418013760fddf6b8f) Importer(815301076,1909f56bfc062723c751e8b465ee728b)  -> (artifact id: '47db4d183f175834964e6cca7110d58f') in 0.068551 seconds
  Import took 0.081314 seconds .

========================================================================
Received Prepare
Registering precompiled user dll's ...
Registered in 0.009170 seconds.
Begin MonoManager ReloadAssembly
Native extension for WindowsStandalone target not found
Native extension for WebGL target not found
Refreshing native plugins compatible for Editor in 1.00 ms, found 2 plugins.
Preloading 0 native plugins for Editor in 0.00 ms.
Mono: successfully reloaded assembly
- Completed reload, in  3.137 seconds
Platform modules already initialized, skipping
Shader 'Universal Render Pipeline/Particles/Lit': fallback shader 'Universal Render Pipeline/Particles/SimpleLit' not found
Shader 'Universal Render Pipeline/Particles/Lit': fallback shader 'Universal Render Pipeline/Particles/SimpleLit' not found
Refreshing native plugins compatible for Editor in 1.42 ms, found 2 plugins.
Preloading 0 native plugins for Editor in 0.00 ms.
Unloading 2929 Unused Serialized files (Serialized files now loaded: 0)
System memory in use before: 137.1 MB.
System memory in use after: 133.7 MB.

Unloading 62 unused Assets to reduce memory usage. Loaded Objects now: 3690.
Total: 14.440800 ms (FindLiveObjects: 0.841300 ms CreateObjectMapping: 0.358400 ms MarkObjects: 7.749900 ms  DeleteObjects: 5.488400 ms)

========================================================================
Received Prepare
Registering precompiled user dll's ...
Registered in 0.191438 seconds.
Begin MonoManager ReloadAssembly
Native extension for WindowsStandalone target not found
Native extension for WebGL target not found
Refreshing native plugins compatible for Editor in 0.89 ms, found 2 plugins.
Preloading 0 native plugins for Editor in 0.00 ms.
Mono: successfully reloaded assembly
- Completed reload, in  2.463 seconds
Platform modules already initialized, skipping
Shader 'Universal Render Pipeline/Particles/Lit': fallback shader 'Universal Render Pipeline/Particles/SimpleLit' not found
Shader 'Universal Render Pipeline/Particles/Lit': fallback shader 'Universal Render Pipeline/Particles/SimpleLit' not found
Refreshing native plugins compatible for Editor in 0.93 ms, found 2 plugins.
Preloading 0 native plugins for Editor in 0.00 ms.
Unloading 2929 Unused Serialized files (Serialized files now loaded: 0)
System memory in use before: 137.1 MB.
System memory in use after: 133.7 MB.

Unloading 62 unused Assets to reduce memory usage. Loaded Objects now: 3693.
Total: 8.215600 ms (FindLiveObjects: 0.562900 ms CreateObjectMapping: 0.268500 ms MarkObjects: 4.149200 ms  DeleteObjects: 3.232800 ms)

========================================================================
Received Prepare
Registering precompiled user dll's ...
Registered in 0.008713 seconds.
Begin MonoManager ReloadAssembly
Native extension for WindowsStandalone target not found
Native extension for WebGL target not found
Refreshing native plugins compatible for Editor in 0.95 ms, found 2 plugins.
Preloading 0 native plugins for Editor in 0.00 ms.
Mono: successfully reloaded assembly
- Completed reload, in  2.399 seconds
Platform modules already initialized, skipping
Shader 'Universal Render Pipeline/Particles/Lit': fallback shader 'Universal Render Pipeline/Particles/SimpleLit' not found
Shader 'Universal Render Pipeline/Particles/Lit': fallback shader 'Universal Render Pipeline/Particles/SimpleLit' not found
Refreshing native plugins compatible for Editor in 0.90 ms, found 2 plugins.
Preloading 0 native plugins for Editor in 0.00 ms.
Unloading 2929 Unused Serialized files (Serialized files now loaded: 0)
System memory in use before: 137.1 MB.
System memory in use after: 133.7 MB.

Unloading 62 unused Assets to reduce memory usage. Loaded Objects now: 3696.
Total: 8.856900 ms (FindLiveObjects: 0.675800 ms CreateObjectMapping: 0.458100 ms MarkObjects: 4.333700 ms  DeleteObjects: 3.387300 ms)

========================================================================
Received Prepare
Registering precompiled user dll's ...
Registered in 0.178560 seconds.
Begin MonoManager ReloadAssembly
Native extension for WindowsStandalone target not found
Native extension for WebGL target not found
Refreshing native plugins compatible for Editor in 0.92 ms, found 2 plugins.
Preloading 0 native plugins for Editor in 0.00 ms.
Mono: successfully reloaded assembly
- Completed reload, in  2.386 seconds
Platform modules already initialized, skipping
Shader 'Universal Render Pipeline/Particles/Lit': fallback shader 'Universal Render Pipeline/Particles/SimpleLit' not found
Shader 'Universal Render Pipeline/Particles/Lit': fallback shader 'Universal Render Pipeline/Particles/SimpleLit' not found
Refreshing native plugins compatible for Editor in 0.90 ms, found 2 plugins.
Preloading 0 native plugins for Editor in 0.00 ms.
Unloading 2929 Unused Serialized files (Serialized files now loaded: 0)
System memory in use before: 137.2 MB.
System memory in use after: 133.7 MB.

Unloading 62 unused Assets to reduce memory usage. Loaded Objects now: 3699.
Total: 8.278700 ms (FindLiveObjects: 0.551400 ms CreateObjectMapping: 0.271700 ms MarkObjects: 4.235400 ms  DeleteObjects: 3.218700 ms)

========================================================================
Received Prepare
Shader 'Universal Render Pipeline/Particles/Lit': fallback shader 'Universal Render Pipeline/Particles/SimpleLit' not found
Shader 'Universal Render Pipeline/Particles/Lit': fallback shader 'Universal Render Pipeline/Particles/SimpleLit' not found
Refreshing native plugins compatible for Editor in 6.45 ms, found 2 plugins.
Preloading 0 native plugins for Editor in 0.00 ms.
Unloading 60 Unused Serialized files (Serialized files now loaded: 0)
System memory in use before: 80.5 MB.
System memory in use after: 77.1 MB.

Unloading 60 unused Assets to reduce memory usage. Loaded Objects now: 3699.
Total: 9.564300 ms (FindLiveObjects: 0.638300 ms CreateObjectMapping: 0.271600 ms MarkObjects: 5.374800 ms  DeleteObjects: 3.278200 ms)

========================================================================
Received Prepare
Shader 'Universal Render Pipeline/Particles/Lit': fallback shader 'Universal Render Pipeline/Particles/SimpleLit' not found
Shader 'Universal Render Pipeline/Particles/Lit': fallback shader 'Universal Render Pipeline/Particles/SimpleLit' not found
Refreshing native plugins compatible for Editor in 6.31 ms, found 2 plugins.
Preloading 0 native plugins for Editor in 0.00 ms.
Unloading 60 Unused Serialized files (Serialized files now loaded: 0)
System memory in use before: 80.6 MB.
System memory in use after: 77.2 MB.

Unloading 60 unused Assets to reduce memory usage. Loaded Objects now: 3699.
Total: 9.919300 ms (FindLiveObjects: 0.649500 ms CreateObjectMapping: 0.276400 ms MarkObjects: 5.585000 ms  DeleteObjects: 3.406300 ms)

AssetImportWorkerClient::OnTransportError - code=2 error=End of file
